<?xml version="1.0" encoding="UTF-8"?>
<testsuite xmlns:xsi="http://www.w3.org/2001/XMLSchema-instance" xsi:noNamespaceSchemaLocation="https://maven.apache.org/surefire/maven-surefire-plugin/xsd/surefire-test-report.xsd" name="com.mycompany.TestPoker" time="0.106" tests="5" errors="0" skipped="0" failures="0">
  <properties>
[...]
</properties>
  <testcase name="shouldGiveWinner" classname="com.mycompany.TestPoker" time="0.014"/>
  <testcase name="shouldGiveTrueWhenGiveSameColor" classname="com.mycompany.TestPoker" time="0"/>
  <testcase name="shouldGiveTreeMapWhenGiveStringArray" classname="com.mycompany.TestPoker" time="0.002"/>
  <testcase name="shouldReturnTheCardsLevel" classname="com.mycompany.TestPoker" time="0.001"/>
  <testcase name="shouldGiveTrueWhenGive5XContCards" classname="com.mycompany.TestPoker" time="0.002"/>
</testsuite>